<?xml version="1.0" encoding="UTF-8"?>
<testsuite name="Articles" tests="4" skipped="0" failures="1" errors="0" timestamp="2022-01-24T19:55:49" hostname="TELO2Y0SL" time="9.461">
  <properties/>
  <testcase name="List articles" classname="Articles" time="7.543"/>
  <testcase name="Post article" classname="Articles" time="0.365">
    <failure message="io.cucumber.core.exception.CucumberException: Could not convert arguments for step [she sends the correct fields] defined at 'com.conduit.stepDefinitions.ArticlesStepDefinitions.sheSendsTheCorrectFields(java.util.List&lt;com.conduit.models.Data&gt;)'.&#10;It appears you did not register a data table type." type="io.cucumber.core.exception.CucumberException">io.cucumber.core.exception.CucumberException: Could not convert arguments for step [she sends the correct fields] defined at 'com.conduit.stepDefinitions.ArticlesStepDefinitions.sheSendsTheCorrectFields(java.util.List&lt;com.conduit.models.Data&gt;)'.
It appears you did not register a data table type.
	at io.cucumber.core.runner.PickleStepDefinitionMatch.registerDataTableTypeInConfiguration(PickleStepDefinitionMatch.java:96)
	at io.cucumber.core.runner.PickleStepDefinitionMatch.runStep(PickleStepDefinitionMatch.java:50)
	at io.cucumber.core.runner.TestStep.executeStep(TestStep.java:92)
	at io.cucumber.core.runner.TestStep.run(TestStep.java:63)
	at io.cucumber.core.runner.PickleStepTestStep.run(PickleStepTestStep.java:49)
	at io.cucumber.core.runner.TestCase.run(TestCase.java:99)
	at io.cucumber.core.runner.Runner.runPickle(Runner.java:71)
	at io.cucumber.junit.PickleRunners$NoStepDescriptions.run(PickleRunners.java:151)
	at io.cucumber.junit.FeatureRunner.runChild(FeatureRunner.java:135)
	at io.cucumber.junit.FeatureRunner.runChild(FeatureRunner.java:27)
	at org.junit.runners.ParentRunner$4.run(ParentRunner.java:331)
	at org.junit.runners.ParentRunner$1.schedule(ParentRunner.java:79)
	at org.junit.runners.ParentRunner.runChildren(ParentRunner.java:329)
	at org.junit.runners.ParentRunner.access$100(ParentRunner.java:66)
	at org.junit.runners.ParentRunner$2.evaluate(ParentRunner.java:293)
	at org.junit.runners.ParentRunner$3.evaluate(ParentRunner.java:306)
	at org.junit.runners.ParentRunner.run(ParentRunner.java:413)
	at io.cucumber.junit.CucumberSerenityRunner.runChild(CucumberSerenityRunner.java:234)
	at io.cucumber.junit.CucumberSerenityRunner.runChild(CucumberSerenityRunner.java:57)
	at org.junit.runners.ParentRunner$4.run(ParentRunner.java:331)
	at org.junit.runners.ParentRunner$1.schedule(ParentRunner.java:79)
	at org.junit.runners.ParentRunner.runChildren(ParentRunner.java:329)
	at org.junit.runners.ParentRunner.access$100(ParentRunner.java:66)
	at org.junit.runners.ParentRunner$2.evaluate(ParentRunner.java:293)
	at io.cucumber.junit.CucumberSerenityRunner$RunCucumber.evaluate(CucumberSerenityRunner.java:262)
	at org.junit.runners.ParentRunner$3.evaluate(ParentRunner.java:306)
	at org.junit.runners.ParentRunner.run(ParentRunner.java:413)
	at org.gradle.api.internal.tasks.testing.junit.JUnitTestClassExecutor.runTestClass(JUnitTestClassExecutor.java:110)
	at org.gradle.api.internal.tasks.testing.junit.JUnitTestClassExecutor.execute(JUnitTestClassExecutor.java:58)
	at org.gradle.api.internal.tasks.testing.junit.JUnitTestClassExecutor.execute(JUnitTestClassExecutor.java:38)
	at org.gradle.api.internal.tasks.testing.junit.AbstractJUnitTestClassProcessor.processTestClass(AbstractJUnitTestClassProcessor.java:62)
	at org.gradle.api.internal.tasks.testing.SuiteTestClassProcessor.processTestClass(SuiteTestClassProcessor.java:51)
	at sun.reflect.NativeMethodAccessorImpl.invoke0(Native Method)
	at sun.reflect.NativeMethodAccessorImpl.invoke(NativeMethodAccessorImpl.java:62)
	at sun.reflect.DelegatingMethodAccessorImpl.invoke(DelegatingMethodAccessorImpl.java:43)
	at java.lang.reflect.Method.invoke(Method.java:498)
	at org.gradle.internal.dispatch.ReflectionDispatch.dispatch(ReflectionDispatch.java:36)
	at org.gradle.internal.dispatch.ReflectionDispatch.dispatch(ReflectionDispatch.java:24)
	at org.gradle.internal.dispatch.ContextClassLoaderDispatch.dispatch(ContextClassLoaderDispatch.java:33)
	at org.gradle.internal.dispatch.ProxyDispatchAdapter$DispatchingInvocationHandler.invoke(ProxyDispatchAdapter.java:94)
	at com.sun.proxy.$Proxy2.processTestClass(Unknown Source)
	at org.gradle.api.internal.tasks.testing.worker.TestWorker.processTestClass(TestWorker.java:121)
	at sun.reflect.NativeMethodAccessorImpl.invoke0(Native Method)
	at sun.reflect.NativeMethodAccessorImpl.invoke(NativeMethodAccessorImpl.java:62)
	at sun.reflect.DelegatingMethodAccessorImpl.invoke(DelegatingMethodAccessorImpl.java:43)
	at java.lang.reflect.Method.invoke(Method.java:498)
	at org.gradle.internal.dispatch.ReflectionDispatch.dispatch(ReflectionDispatch.java:36)
	at org.gradle.internal.dispatch.ReflectionDispatch.dispatch(ReflectionDispatch.java:24)
	at org.gradle.internal.remote.internal.hub.MessageHubBackedObjectConnection$DispatchWrapper.dispatch(MessageHubBackedObjectConnection.java:182)
	at org.gradle.internal.remote.internal.hub.MessageHubBackedObjectConnection$DispatchWrapper.dispatch(MessageHubBackedObjectConnection.java:164)
	at org.gradle.internal.remote.internal.hub.MessageHub$Handler.run(MessageHub.java:414)
	at org.gradle.internal.concurrent.ExecutorPolicy$CatchAndRecordFailures.onExecute(ExecutorPolicy.java:64)
	at org.gradle.internal.concurrent.ManagedExecutorImpl$1.run(ManagedExecutorImpl.java:48)
	at java.util.concurrent.ThreadPoolExecutor.runWorker(ThreadPoolExecutor.java:1149)
	at java.util.concurrent.ThreadPoolExecutor$Worker.run(ThreadPoolExecutor.java:624)
	at org.gradle.internal.concurrent.ThreadFactoryImpl$ManagedThreadRunnable.run(ThreadFactoryImpl.java:56)
	at java.lang.Thread.run(Thread.java:748)
Caused by: io.cucumber.datatable.UndefinedDataTableTypeException: Can't convert DataTable to List&lt;com.conduit.models.Data&gt;.
Please review these problems:

 - There was no table entry or table row transformer registered for com.conduit.models.Data.
   Please consider registering a table entry or row transformer.

 - There was no default table entry transformer registered to transform com.conduit.models.Data.
   Please consider registering a default table entry transformer.

Note: Usually solving one is enough
	at io.cucumber.datatable.UndefinedDataTableTypeException.listNoConverterDefined(UndefinedDataTableTypeException.java:110)
	at io.cucumber.datatable.DataTableTypeRegistryTableConverter.toList(DataTableTypeRegistryTableConverter.java:136)
	at io.cucumber.datatable.DataTableTypeRegistryTableConverter.convert(DataTableTypeRegistryTableConverter.java:102)
	at io.cucumber.datatable.DataTable.convert(DataTable.java:360)
	at io.cucumber.core.stepexpression.StepExpressionFactory.lambda$createExpression$0(StepExpressionFactory.java:66)
	at io.cucumber.core.stepexpression.DataTableArgument.getValue(DataTableArgument.java:19)
	at io.cucumber.core.runner.PickleStepDefinitionMatch.runStep(PickleStepDefinitionMatch.java:47)
	... 55 more
</failure>
  </testcase>
  <testcase name="Put article" classname="Articles" time="1.473"/>
  <testcase name="Delete article created" classname="Articles" time="0.068"/>
  <system-out><![CDATA[HTTP/1.1 200 OK
Date: Mon, 24 Jan 2022 19:55:56 GMT
Content-Type: application/json; charset=utf-8
Transfer-Encoding: chunked
Connection: keep-alive
x-powered-by: Express
access-control-allow-origin: *
etag: W/"893-oRY+9HCGGncVbn3hRPoSjXdfHNE"
via: 1.1 vegur
CF-Cache-Status: DYNAMIC
Expect-CT: max-age=604800, report-uri="https://report-uri.cloudflare.com/cdn-cgi/beacon/expect-ct"
Report-To: {"endpoints":[{"url":"https:\/\/a.nel.cloudflare.com\/report\/v3?s=4LY3mvO2A9B3jHwhBjx8iP48h06FmEGEfvijvdF6sG%2FCbCWr9V5nG1zmzPgoXDfoJ4UxH33WdCnhpNTHVB%2BBBb9F6fLegpVHIzyryLxCtyxlzKWFUEbWpOvMXaPFqKToo7FA"}],"group":"cf-nel","max_age":604800}
NEL: {"success_fraction":0,"report_to":"cf-nel","max_age":604800}
Server: cloudflare
CF-RAY: 6d2bd27a9d7e0325-MIA
Content-Encoding: gzip
alt-svc: h3=":443"; ma=86400, h3-29=":443"; ma=86400

{
    "articles": [
        {
            "slug": "NUEVO-ARTICULO-RESTASSURRED-7429",
            "title": "NUEVO ARTICULO RESTASSURRED",
            "description": "probar rest assurred",
            "body": "este articulo es creado para probar rest assurred",
            "createdAt": "2022-01-18T15:48:16.016Z",
            "updatedAt": "2022-01-18T15:48:16.016Z",
            "tagList": [
                "rest"
            ],
            "author": {
                "username": "Andrea",
                "bio": "actualizar1",
                "image": "https://api.realworld.io/images/smiley-cyrus.jpeg",
                "following": false
            },
            "favoritesCount": 0,
            "favorited": false
        },
        {
            "slug": "Create-a-new-implementation-1",
            "title": "Create a new implementation",
            "description": "join the community by creating a new implementation",
            "body": "Share your knowledge and enpower the community by creating a new implementation",
            "createdAt": "2021-11-24T12:11:08.212Z",
            "updatedAt": "2021-11-24T12:11:08.212Z",
            "tagList": [
                "implementations"
            ],
            "author": {
                "username": "Gerome",
                "bio": null,
                "image": "https://api.realworld.io/images/demo-avatar.png",
                "following": false
            },
            "favoritesCount": 902,
            "favorited": false
        },
        {
            "slug": "Explore-implementations-1",
            "title": "Explore implementations",
            "description": "discover the implementations created by the RealWorld community",
            "body": "Over 100 implementations have been created using various languages, libraries, and frameworks.\n\nExplore them on CodebaseShow.",
            "createdAt": "2021-11-24T12:11:07.952Z",
            "updatedAt": "2021-11-24T12:11:07.952Z",
            "tagList": [
                "codebaseShow",
                "implementations"
            ],
            "author": {
                "username": "Gerome",
                "bio": null,
                "image": "https://api.realworld.io/images/demo-avatar.png",
                "following": false
            },
            "favoritesCount": 571,
            "favorited": true
        },
        {
            "slug": "Welcome-to-RealWorld-project-1",
            "title": "Welcome to RealWorld project",
            "description": "Exemplary fullstack Medium.com clone powered by React, Angular, Node, Django, and many more",
            "body": "See how the exact same Medium.com clone (called Conduit) is built using different frontends and backends. Yes, you can mix and match them, because they all adhere to the same API spec",
            "createdAt": "2021-11-24T12:11:07.557Z",
            "updatedAt": "2021-11-24T12:11:07.557Z",
            "tagList": [
                "welcome",
                "introduction"
            ],
            "author": {
                "username": "Gerome",
                "bio": null,
                "image": "https://api.realworld.io/images/demo-avatar.png",
                "following": false
            },
            "favoritesCount": 367,
            "favorited": false
        }
    ],
    "articlesCount": 4
}
Step argument class io.cucumber.core.gherkin.messages.GherkinMessagesDataTableArgument
Step argument class io.cucumber.core.gherkin.messages.GherkinMessagesDataTableArgument
HTTP/1.1 404 Not Found
Date: Mon, 24 Jan 2022 19:55:58 GMT
Content-Type: application/json; charset=utf-8
Content-Length: 2
Connection: keep-alive
x-powered-by: Express
access-control-allow-origin: *
etag: W/"2-vyGp6PvFo4RvsFtPoIWeCReyIC8"
via: 1.1 vegur
CF-Cache-Status: DYNAMIC
Expect-CT: max-age=604800, report-uri="https://report-uri.cloudflare.com/cdn-cgi/beacon/expect-ct"
Report-To: {"endpoints":[{"url":"https:\/\/a.nel.cloudflare.com\/report\/v3?s=LuCNJRd22qwCi4KaH%2FgqJUcPHnfkYcAR7EvtS6pwZvWPkndvUK7IwuhJ1rWxzAs4gVtI3C9r%2BcU485yH4FL6bPrXwK%2Foz%2B%2FFqegl8gtDKhjIvOV89E2qbPe%2BCa69DUvS2tIU"}],"group":"cf-nel","max_age":604800}
NEL: {"success_fraction":0,"report_to":"cf-nel","max_age":604800}
Server: cloudflare
CF-RAY: 6d2bd28a4c228dca-MIA
alt-svc: h3=":443"; ma=86400, h3-29=":443"; ma=86400

{
    
}
]]></system-out>
  <system-err><![CDATA[[Test worker] INFO io.cucumber.core.plugin.SerenityReporter - Running feature from file:///C:/proyectos2021/RestAssurred/ConduitRestAssurred/src/test/resources/features/articles.feature
[Test worker] WARN io.cucumber.core.plugin.SerenityReporter - Feature from file:///C:/proyectos2021/RestAssurred/ConduitRestAssurred/src/test/resources/features/articles.feature is not under the 'features' directory. Requirements report will not be correctly generated!
[Test worker] INFO  - 
 _____ _____ ____ _____   ____ _____  _    ____ _____ _____ ____  
|_   _| ____/ ___|_   _| / ___|_   _|/ \  |  _ \_   _| ____|  _ \ 
  | | |  _| \___ \ | |   \___ \ | | / _ \ | |_) || | |  _| | | | |
  | | | |___ ___) || |    ___) || |/ ___ \|  _ < | | | |___| |_| |
  |_| |_____|____/ |_|   |____/ |_/_/   \_\_| \_\|_| |_____|____/ 

List articles(articles;list-articles)
-------------------------------------------------------------------
[Test worker] INFO  - 
        __    _____ _____ ____ _____   ____   _    ____  ____  _____ ____  
  _     \ \  |_   _| ____/ ___|_   _| |  _ \ / \  / ___|/ ___|| ____|  _ \ 
 (_)_____| |   | | |  _| \___ \ | |   | |_) / _ \ \___ \\___ \|  _| | | | |
  _|_____| |   | | | |___ ___) || |   |  __/ ___ \ ___) |___) | |___| |_| |
 (_)     | |   |_| |_____|____/ |_|   |_| /_/   \_\____/|____/|_____|____/ 
        /_/                                                                

List articles
----------------------------------------------------------------------------
[Test worker] INFO io.cucumber.core.plugin.SerenityReporter - Running feature from file:///C:/proyectos2021/RestAssurred/ConduitRestAssurred/src/test/resources/features/articles.feature
[Test worker] WARN io.cucumber.core.plugin.SerenityReporter - Feature from file:///C:/proyectos2021/RestAssurred/ConduitRestAssurred/src/test/resources/features/articles.feature is not under the 'features' directory. Requirements report will not be correctly generated!
[Test worker] INFO  - 
 _____ _____ ____ _____   ____ _____  _    ____ _____ _____ ____  
|_   _| ____/ ___|_   _| / ___|_   _|/ \  |  _ \_   _| ____|  _ \ 
  | | |  _| \___ \ | |   \___ \ | | / _ \ | |_) || | |  _| | | | |
  | | | |___ ___) || |    ___) || |/ ___ \|  _ < | | | |___| |_| |
  |_| |_____|____/ |_|   |____/ |_/_/   \_\_| \_\|_| |_____|____/ 

Post article(articles;post-article)
-------------------------------------------------------------------
[Test worker] ERROR  - 
         __  _____ _____ ____ _____   _____ ____  ____   ___  ____  
 _      / / |_   _| ____/ ___|_   _| | ____|  _ \|  _ \ / _ \|  _ \ 
(_)____| |    | | |  _| \___ \ | |   |  _| | |_) | |_) | | | | |_) |
 |_____| |    | | | |___ ___) || |   | |___|  _ <|  _ <| |_| |  _ < 
(_)    | |    |_| |_____|____/ |_|   |_____|_| \_\_| \_\\___/|_| \_\
        \_\                                                         

Post article
---------------------------------------------------------------------
[Test worker] ERROR  -     Test failed at step: When she sends the correct fields | tagList | title | description | body | | fruta | manzana | roja | manzana roja | | fruta | pera | verde | verde pera | | verdura | zanahoria | naranja | naranja zanahoria |
[Test worker] ERROR  -     
[Test worker] INFO io.cucumber.core.plugin.SerenityReporter - Running feature from file:///C:/proyectos2021/RestAssurred/ConduitRestAssurred/src/test/resources/features/articles.feature
[Test worker] WARN io.cucumber.core.plugin.SerenityReporter - Feature from file:///C:/proyectos2021/RestAssurred/ConduitRestAssurred/src/test/resources/features/articles.feature is not under the 'features' directory. Requirements report will not be correctly generated!
[Test worker] INFO  - 
 _____ _____ ____ _____   ____ _____  _    ____ _____ _____ ____  
|_   _| ____/ ___|_   _| / ___|_   _|/ \  |  _ \_   _| ____|  _ \ 
  | | |  _| \___ \ | |   \___ \ | | / _ \ | |_) || | |  _| | | | |
  | | | |___ ___) || |    ___) || |/ ___ \|  _ < | | | |___| |_| |
  |_| |_____|____/ |_|   |____/ |_/_/   \_\_| \_\|_| |_____|____/ 

Put article(articles;put-article)
-------------------------------------------------------------------
[Test worker] INFO  - 
        __    _____ _____ ____ _____   ____   _    ____  ____  _____ ____  
  _     \ \  |_   _| ____/ ___|_   _| |  _ \ / \  / ___|/ ___|| ____|  _ \ 
 (_)_____| |   | | |  _| \___ \ | |   | |_) / _ \ \___ \\___ \|  _| | | | |
  _|_____| |   | | | |___ ___) || |   |  __/ ___ \ ___) |___) | |___| |_| |
 (_)     | |   |_| |_____|____/ |_|   |_| /_/   \_\____/|____/|_____|____/ 
        /_/                                                                

Put article
----------------------------------------------------------------------------
[Test worker] INFO io.cucumber.core.plugin.SerenityReporter - Running feature from file:///C:/proyectos2021/RestAssurred/ConduitRestAssurred/src/test/resources/features/articles.feature
[Test worker] WARN io.cucumber.core.plugin.SerenityReporter - Feature from file:///C:/proyectos2021/RestAssurred/ConduitRestAssurred/src/test/resources/features/articles.feature is not under the 'features' directory. Requirements report will not be correctly generated!
[Test worker] INFO  - 
 _____ _____ ____ _____   ____ _____  _    ____ _____ _____ ____  
|_   _| ____/ ___|_   _| / ___|_   _|/ \  |  _ \_   _| ____|  _ \ 
  | | |  _| \___ \ | |   \___ \ | | / _ \ | |_) || | |  _| | | | |
  | | | |___ ___) || |    ___) || |/ ___ \|  _ < | | | |___| |_| |
  |_| |_____|____/ |_|   |____/ |_/_/   \_\_| \_\|_| |_____|____/ 

Delete article created(articles;delete-article-created)
-------------------------------------------------------------------
[Test worker] INFO  -       -> TEST IGNORED
[Test worker] INFO  -       -> TEST IGNORED
[Test worker] INFO  -       -> TEST IGNORED
[Test worker] INFO  -       -> TEST IGNORED
[Test worker] INFO  - 
            __  _____ _____ ____ _____   ____  _  _____ ____  ____  _____ ____  
  _        / / |_   _| ____/ ___|_   _| / ___|| |/ /_ _|  _ \|  _ \| ____|  _ \ 
 (_)_____ / /    | | |  _| \___ \ | |   \___ \| ' / | || |_) | |_) |  _| | | | |
  _|_____/ /     | | | |___ ___) || |    ___) | . \ | ||  __/|  __/| |___| |_| |
 (_)    /_/      |_| |_____|____/ |_|   |____/|_|\_\___|_|   |_|   |_____|____/ 

Delete article created
---------------------------------------------------------------------------------
]]></system-err>
</testsuite>
